# JRE version: Java(TM) SE Runtime Environment (8.0_301-b09) (build 1.8.0_301-b09)
# Java VM: Java HotSpot(TM) 64-Bit Server VM (25.301-b09 mixed mode bsd-amd64 compressed oops)
Heap:
 PSYoungGen      total 263680K, used 9390K [0x000000076ab00000, 0x0000000781380000, 0x00000007c0000000)
  eden space 236032K, 3% used [0x000000076ab00000,0x000000076b3f3950,0x0000000779180000)
  from space 27648K, 0% used [0x0000000779180000,0x00000007791b8000,0x000000077ac80000)
  to   space 27648K, 0% used [0x000000077f880000,0x000000077f880000,0x0000000781380000)
 ParOldGen       total 117760K, used 46602K [0x00000006c0000000, 0x00000006c7300000, 0x000000076ab00000)
  object space 117760K, 39% used [0x00000006c0000000,0x00000006c2d82888,0x00000006c7300000)
 Metaspace       used 27015K, capacity 28805K, committed 28928K, reserved 1075200K
  class space    used 3740K, capacity 4064K, committed 4096K, reserved 1048576K
GC Heap History (10 events):
Event: 14.033 GC heap before
{Heap before GC invocations=7 (full 1):
 PSYoungGen      total 95744K, used 95736K [0x000000076ab00000, 0x0000000774b80000, 0x00000007c0000000)
  eden space 84992K, 100% used [0x000000076ab00000,0x000000076fe00000,0x000000076fe00000)
  from space 10752K, 99% used [0x000000076fe00000,0x000000077087e290,0x0000000770880000)
  to   space 28672K, 0% used [0x0000000772f80000,0x0000000772f80000,0x0000000774b80000)
 ParOldGen       total 117760K, used 35158K [0x00000006c0000000, 0x00000006c7300000, 0x000000076ab00000)
  object space 117760K, 29% used [0x00000006c0000000,0x00000006c2255b18,0x00000006c7300000)
 Metaspace       used 26861K, capacity 28673K, committed 28928K, reserved 1075200K
  class space    used 3740K, capacity 4064K, committed 4096K, reserved 1048576K
Event: 14.041 GC heap after
Heap after GC invocations=7 (full 1):
 PSYoungGen      total 136704K, used 10968K [0x000000076ab00000, 0x0000000775f00000, 0x00000007c0000000)
  eden space 108032K, 0% used [0x000000076ab00000,0x000000076ab00000,0x0000000771480000)
  from space 28672K, 38% used [0x0000000772f80000,0x0000000773a36290,0x0000000774b80000)
  to   space 27648K, 0% used [0x0000000771480000,0x0000000771480000,0x0000000772f80000)
 ParOldGen       total 117760K, used 35166K [0x00000006c0000000, 0x00000006c7300000, 0x000000076ab00000)
  object space 117760K, 29% used [0x00000006c0000000,0x00000006c2257b18,0x00000006c7300000)
 Metaspace       used 26861K, capacity 28673K, committed 28928K, reserved 1075200K
  class space    used 3740K, capacity 4064K, committed 4096K, reserved 1048576K
}
Event: 14.200 GC heap before
{Heap before GC invocations=8 (full 1):
 PSYoungGen      total 136704K, used 119000K [0x000000076ab00000, 0x0000000775f00000, 0x00000007c0000000)
  eden space 108032K, 100% used [0x000000076ab00000,0x0000000771480000,0x0000000771480000)
  from space 28672K, 38% used [0x0000000772f80000,0x0000000773a36290,0x0000000774b80000)
  to   space 27648K, 0% used [0x0000000771480000,0x0000000771480000,0x0000000772f80000)
 ParOldGen       total 117760K, used 35166K [0x00000006c0000000, 0x00000006c7300000, 0x000000076ab00000)
  object space 117760K, 29% used [0x00000006c0000000,0x00000006c2257b18,0x00000006c7300000)
 Metaspace       used 26910K, capacity 28737K, committed 28928K, reserved 1075200K
  class space    used 3740K, capacity 4064K, committed 4096K, reserved 1048576K
Event: 14.210 GC heap after
Heap after GC invocations=8 (full 1):
 PSYoungGen      total 135680K, used 11544K [0x000000076ab00000, 0x0000000778800000, 0x00000007c0000000)
  eden space 108032K, 0% used [0x000000076ab00000,0x000000076ab00000,0x0000000771480000)
  from space 27648K, 41% used [0x0000000771480000,0x0000000771fc6290,0x0000000772f80000)
  to   space 26112K, 0% used [0x0000000776e80000,0x0000000776e80000,0x0000000778800000)
 ParOldGen       total 117760K, used 35174K [0x00000006c0000000, 0x00000006c7300000, 0x000000076ab00000)
  object space 117760K, 29% used [0x00000006c0000000,0x00000006c2259b18,0x00000006c7300000)
 Metaspace       used 26910K, capacity 28737K, committed 28928K, reserved 1075200K
  class space    used 3740K, capacity 4064K, committed 4096K, reserved 1048576K
}
Event: 14.369 GC heap before
{Heap before GC invocations=9 (full 1):
 PSYoungGen      total 135680K, used 119576K [0x000000076ab00000, 0x0000000778800000, 0x00000007c0000000)
  eden space 108032K, 100% used [0x000000076ab00000,0x0000000771480000,0x0000000771480000)
  from space 27648K, 41% used [0x0000000771480000,0x0000000771fc6290,0x0000000772f80000)
  to   space 26112K, 0% used [0x0000000776e80000,0x0000000776e80000,0x0000000778800000)
 ParOldGen       total 117760K, used 35174K [0x00000006c0000000, 0x00000006c7300000, 0x000000076ab00000)
  object space 117760K, 29% used [0x00000006c0000000,0x00000006c2259b18,0x00000006c7300000)
 Metaspace       used 26936K, capacity 28737K, committed 28928K, reserved 1075200K
  class space    used 3740K, capacity 4064K, committed 4096K, reserved 1048576K
Event: 14.379 GC heap after
Heap after GC invocations=9 (full 1):
 PSYoungGen      total 199680K, used 4096K [0x000000076ab00000, 0x0000000778e80000, 0x00000007c0000000)
  eden space 173568K, 0% used [0x000000076ab00000,0x000000076ab00000,0x0000000775480000)
  from space 26112K, 15% used [0x0000000776e80000,0x0000000777280000,0x0000000778800000)
  to   space 26624K, 0% used [0x0000000775480000,0x0000000775480000,0x0000000776e80000)
 ParOldGen       total 117760K, used 42614K [0x00000006c0000000, 0x00000006c7300000, 0x000000076ab00000)
  object space 117760K, 36% used [0x00000006c0000000,0x00000006c299d830,0x00000006c7300000)
 Metaspace       used 26936K, capacity 28737K, committed 28928K, reserved 1075200K
  class space    used 3740K, capacity 4064K, committed 4096K, reserved 1048576K
}
Event: 14.642 GC heap before
{Heap before GC invocations=10 (full 1):
 PSYoungGen      total 199680K, used 177664K [0x000000076ab00000, 0x0000000778e80000, 0x00000007c0000000)
  eden space 173568K, 100% used [0x000000076ab00000,0x0000000775480000,0x0000000775480000)
  from space 26112K, 15% used [0x0000000776e80000,0x0000000777280000,0x0000000778800000)
  to   space 26624K, 0% used [0x0000000775480000,0x0000000775480000,0x0000000776e80000)
 ParOldGen       total 117760K, used 42614K [0x00000006c0000000, 0x00000006c7300000, 0x000000076ab00000)
  object space 117760K, 36% used [0x00000006c0000000,0x00000006c299d830,0x00000006c7300000)
 Metaspace       used 26974K, capacity 28805K, committed 28928K, reserved 1075200K
  class space    used 3740K, capacity 4064K, committed 4096K, reserved 1048576K
Event: 14.648 GC heap after
Heap after GC invocations=10 (full 1):
 PSYoungGen      total 200192K, used 1152K [0x000000076ab00000, 0x000000077cb00000, 0x00000007c0000000)
  eden space 173568K, 0% used [0x000000076ab00000,0x000000076ab00000,0x0000000775480000)
  from space 26624K, 4% used [0x0000000775480000,0x00000007755a0000,0x0000000776e80000)
  to   space 27136K, 0% used [0x000000077b080000,0x000000077b080000,0x000000077cb00000)
 ParOldGen       total 117760K, used 45578K [0x00000006c0000000, 0x00000006c7300000, 0x000000076ab00000)
  object space 117760K, 38% used [0x00000006c0000000,0x00000006c2c82888,0x00000006c7300000)
 Metaspace       used 26974K, capacity 28805K, committed 28928K, reserved 1075200K
  class space    used 3740K, capacity 4064K, committed 4096K, reserved 1048576K
}
Event: 14.917 GC heap before
{Heap before GC invocations=11 (full 1):
 PSYoungGen      total 200192K, used 174720K [0x000000076ab00000, 0x000000077cb00000, 0x00000007c0000000)
  eden space 173568K, 100% used [0x000000076ab00000,0x0000000775480000,0x0000000775480000)
  from space 26624K, 4% used [0x0000000775480000,0x00000007755a0000,0x0000000776e80000)
  to   space 27136K, 0% used [0x000000077b080000,0x000000077b080000,0x000000077cb00000)
 ParOldGen       total 117760K, used 45578K [0x00000006c0000000, 0x00000006c7300000, 0x000000076ab00000)
  object space 117760K, 38% used [0x00000006c0000000,0x00000006c2c82888,0x00000006c7300000)
 Metaspace       used 27003K, capacity 28805K, committed 28928K, reserved 1075200K
  class space    used 3740K, capacity 4064K, committed 4096K, reserved 1048576K
Event: 14.920 GC heap after
Heap after GC invocations=11 (full 1):
 PSYoungGen      total 259584K, used 288K [0x000000076ab00000, 0x000000077c780000, 0x00000007c0000000)
  eden space 236032K, 0% used [0x000000076ab00000,0x000000076ab00000,0x0000000779180000)
  from space 23552K, 1% used [0x000000077b080000,0x000000077b0c8000,0x000000077c780000)
  to   space 27648K, 0% used [0x0000000779180000,0x0000000779180000,0x000000077ac80000)
 ParOldGen       total 117760K, used 46570K [0x00000006c0000000, 0x00000006c7300000, 0x000000076ab00000)
  object space 117760K, 39% used [0x00000006c0000000,0x00000006c2d7a888,0x00000006c7300000)
 Metaspace       used 27003K, capacity 28805K, committed 28928K, reserved 1075200K
  class space    used 3740K, capacity 4064K, committed 4096K, reserved 1048576K
}

